[debug] [2024-11-08T14:09:08.525Z] ----------------------------------------------------------------------
[debug] [2024-11-08T14:09:08.526Z] Command:       C:\Program Files\nodejs\node.exe C:\Users\sasha\AppData\Roaming\npm\node_modules\firebase-tools\lib\bin\firebase.js deploy
[debug] [2024-11-08T14:09:08.527Z] CLI Version:   13.23.0
[debug] [2024-11-08T14:09:08.527Z] Platform:      win32
[debug] [2024-11-08T14:09:08.527Z] Node Version:  v20.18.0
[debug] [2024-11-08T14:09:08.527Z] Time:          Fri Nov 08 2024 16:09:08 GMT+0200 (Восточная Европа, стандартное время)
[debug] [2024-11-08T14:09:08.527Z] ----------------------------------------------------------------------
[debug] 
[debug] [2024-11-08T14:09:08.530Z] >>> [apiv2][query] GET https://firebase-public.firebaseio.com/cli.json [none]
[debug] [2024-11-08T14:09:08.607Z] > command requires scopes: ["email","openid","https://www.googleapis.com/auth/cloudplatformprojects.readonly","https://www.googleapis.com/auth/firebase","https://www.googleapis.com/auth/cloud-platform"]
[debug] [2024-11-08T14:09:08.607Z] > authorizing via signed-in user (sashawwe21@gmail.com)
[debug] [2024-11-08T14:09:08.607Z] [iam] checking project glorious-mebel for permissions ["firebase.projects.get","firebasehosting.sites.update"]
[debug] [2024-11-08T14:09:08.608Z] Checked if tokens are valid: false, expires at: 1730894735797
[debug] [2024-11-08T14:09:08.608Z] Checked if tokens are valid: false, expires at: 1730894735797
[debug] [2024-11-08T14:09:08.608Z] > refreshing access token with scopes: []
[debug] [2024-11-08T14:09:08.609Z] >>> [apiv2][query] POST https://www.googleapis.com/oauth2/v3/token [none]
[debug] [2024-11-08T14:09:08.609Z] >>> [apiv2][body] POST https://www.googleapis.com/oauth2/v3/token [omitted]
[debug] [2024-11-08T14:09:08.746Z] <<< [apiv2][status] POST https://www.googleapis.com/oauth2/v3/token 200
[debug] [2024-11-08T14:09:08.746Z] <<< [apiv2][body] POST https://www.googleapis.com/oauth2/v3/token [omitted]
[debug] [2024-11-08T14:09:08.751Z] >>> [apiv2][query] POST https://cloudresourcemanager.googleapis.com/v1/projects/glorious-mebel:testIamPermissions [none]
[debug] [2024-11-08T14:09:08.752Z] >>> [apiv2][(partial)header] POST https://cloudresourcemanager.googleapis.com/v1/projects/glorious-mebel:testIamPermissions x-goog-quota-user=projects/glorious-mebel
[debug] [2024-11-08T14:09:08.752Z] >>> [apiv2][body] POST https://cloudresourcemanager.googleapis.com/v1/projects/glorious-mebel:testIamPermissions {"permissions":["firebase.projects.get","firebasehosting.sites.update"]}
[debug] [2024-11-08T14:09:08.919Z] <<< [apiv2][status] GET https://firebase-public.firebaseio.com/cli.json 200
[debug] [2024-11-08T14:09:08.920Z] <<< [apiv2][body] GET https://firebase-public.firebaseio.com/cli.json {"cloudBuildErrorAfter":1594252800000,"cloudBuildWarnAfter":1590019200000,"defaultNode10After":1594252800000,"minVersion":"3.0.5","node8DeploysDisabledAfter":1613390400000,"node8RuntimeDisabledAfter":1615809600000,"node8WarnAfter":1600128000000}
[debug] [2024-11-08T14:09:09.649Z] <<< [apiv2][status] POST https://cloudresourcemanager.googleapis.com/v1/projects/glorious-mebel:testIamPermissions 200
[debug] [2024-11-08T14:09:09.649Z] <<< [apiv2][body] POST https://cloudresourcemanager.googleapis.com/v1/projects/glorious-mebel:testIamPermissions {}
[debug] [2024-11-08T14:09:09.649Z] [iam] error while checking permissions, command may fail: FirebaseError: Authorization failed. This account is missing the following required permissions on project glorious-mebel:

  firebase.projects.get
  firebasehosting.sites.update
[debug] [2024-11-08T14:09:09.649Z] Checked if tokens are valid: true, expires at: 1731078547746
[debug] [2024-11-08T14:09:09.649Z] Checked if tokens are valid: true, expires at: 1731078547746
[debug] [2024-11-08T14:09:09.649Z] >>> [apiv2][query] GET https://firebase.googleapis.com/v1beta1/projects/glorious-mebel [none]
[debug] [2024-11-08T14:09:09.970Z] <<< [apiv2][status] GET https://firebase.googleapis.com/v1beta1/projects/glorious-mebel 403
[debug] [2024-11-08T14:09:09.970Z] <<< [apiv2][body] GET https://firebase.googleapis.com/v1beta1/projects/glorious-mebel {"error":{"code":403,"message":"The caller does not have permission","status":"PERMISSION_DENIED"}}
[debug] [2024-11-08T14:09:09.971Z] Request to https://firebase.googleapis.com/v1beta1/projects/glorious-mebel had HTTP Error: 403, The caller does not have permission
[debug] [2024-11-08T14:09:10.068Z] FirebaseError: Request to https://firebase.googleapis.com/v1beta1/projects/glorious-mebel had HTTP Error: 403, The caller does not have permission
    at responseToError (C:\Users\sasha\AppData\Roaming\npm\node_modules\firebase-tools\lib\responseToError.js:52:12)
    at RetryOperation._fn (C:\Users\sasha\AppData\Roaming\npm\node_modules\firebase-tools\lib\apiv2.js:312:77)
    at process.processTicksAndRejections (node:internal/process/task_queues:95:5)
[error] 
[error] Error: Failed to get Firebase project glorious-mebel. Please make sure the project exists and your account has permission to access it.
